{"/home/aditya/Desktop/samples-typescript/express-mongoose/src/app.js": {"path":"/home/aditya/Desktop/samples-typescript/express-mongoose/src/app.js","statementMap":{"0":{"start":{"line":1,"column":16},"end":{"line":1,"column":34}},"1":{"start":{"line":2,"column":0},"end":{"line":2,"column":27}},"2":{"start":{"line":3,"column":16},"end":{"line":3,"column":44}},"3":{"start":{"line":4,"column":15},"end":{"line":4,"column":41}},"4":{"start":{"line":5,"column":13},"end":{"line":5,"column":28}},"5":{"start":{"line":8,"column":12},"end":{"line":8,"column":21}},"6":{"start":{"line":9,"column":0},"end":{"line":9,"column":16}},"7":{"start":{"line":10,"column":0},"end":{"line":10,"column":24}},"8":{"start":{"line":11,"column":0},"end":{"line":11,"column":16}},"9":{"start":{"line":13,"column":0},"end":{"line":15,"column":2}},"10":{"start":{"line":14,"column":4},"end":{"line":14,"column":42}}},"fnMap":{"0":{"name":"(anonymous_0)","decl":{"start":{"line":13,"column":17},"end":{"line":13,"column":18}},"loc":{"start":{"line":13,"column":23},"end":{"line":15,"column":1}},"line":13}},"branchMap":{},"s":{"0":0,"1":0,"2":0,"3":0,"4":0,"5":0,"6":0,"7":0,"8":0,"9":0,"10":0},"f":{"0":0},"b":{}}
,"/home/aditya/Desktop/samples-typescript/express-mongoose/src/db/connection.js": {"path":"/home/aditya/Desktop/samples-typescript/express-mongoose/src/db/connection.js","statementMap":{"0":{"start":{"line":1,"column":17},"end":{"line":1,"column":36}},"1":{"start":{"line":4,"column":0},"end":{"line":6,"column":65}},"2":{"start":{"line":5,"column":12},"end":{"line":5,"column":47}},"3":{"start":{"line":6,"column":12},"end":{"line":6,"column":63}}},"fnMap":{"0":{"name":"(anonymous_0)","decl":{"start":{"line":5,"column":6},"end":{"line":5,"column":7}},"loc":{"start":{"line":5,"column":12},"end":{"line":5,"column":47}},"line":5},"1":{"name":"(anonymous_1)","decl":{"start":{"line":6,"column":7},"end":{"line":6,"column":8}},"loc":{"start":{"line":6,"column":12},"end":{"line":6,"column":63}},"line":6}},"branchMap":{},"s":{"0":0,"1":0,"2":0,"3":0},"f":{"0":0,"1":0},"b":{}}
,"/home/aditya/Desktop/samples-typescript/express-mongoose/src/models/students.js": {"path":"/home/aditya/Desktop/samples-typescript/express-mongoose/src/models/students.js","statementMap":{"0":{"start":{"line":1,"column":17},"end":{"line":1,"column":36}},"1":{"start":{"line":2,"column":18},"end":{"line":2,"column":38}},"2":{"start":{"line":4,"column":19},"end":{"line":26,"column":2}},"3":{"start":{"line":14,"column":12},"end":{"line":16,"column":13}},"4":{"start":{"line":15,"column":16},"end":{"line":15,"column":48}},"5":{"start":{"line":28,"column":16},"end":{"line":28,"column":53}},"6":{"start":{"line":30,"column":0},"end":{"line":30,"column":25}}},"fnMap":{"0":{"name":"(anonymous_0)","decl":{"start":{"line":13,"column":8},"end":{"line":13,"column":9}},"loc":{"start":{"line":13,"column":24},"end":{"line":17,"column":9}},"line":13}},"branchMap":{"0":{"loc":{"start":{"line":14,"column":12},"end":{"line":16,"column":13}},"type":"if","locations":[{"start":{"line":14,"column":12},"end":{"line":16,"column":13}},{"start":{},"end":{}}],"line":14}},"s":{"0":1,"1":1,"2":1,"3":1,"4":0,"5":1,"6":1},"f":{"0":1},"b":{"0":[0,1]},"_coverageSchema":"1a1c01bbd47fc00a2c39e90264f33305004495a9","hash":"4f2f4ed94d2b22094a3128ce74532b965dec1ead"}
,"/home/aditya/Desktop/samples-typescript/express-mongoose/src/routes/routes.js": {"path":"/home/aditya/Desktop/samples-typescript/express-mongoose/src/routes/routes.js","statementMap":{"0":{"start":{"line":1,"column":16},"end":{"line":1,"column":34}},"1":{"start":{"line":2,"column":15},"end":{"line":2,"column":35}},"2":{"start":{"line":3,"column":16},"end":{"line":3,"column":45}},"3":{"start":{"line":4,"column":14},"end":{"line":4,"column":30}},"4":{"start":{"line":5,"column":17},"end":{"line":5,"column":41}},"5":{"start":{"line":28,"column":0},"end":{"line":35,"column":3}},"6":{"start":{"line":29,"column":2},"end":{"line":34,"column":3}},"7":{"start":{"line":30,"column":24},"end":{"line":30,"column":44}},"8":{"start":{"line":31,"column":4},"end":{"line":31,"column":38}},"9":{"start":{"line":33,"column":4},"end":{"line":33,"column":67}},"10":{"start":{"line":37,"column":0},"end":{"line":46,"column":3}},"11":{"start":{"line":38,"column":2},"end":{"line":45,"column":3}},"12":{"start":{"line":39,"column":17},"end":{"line":39,"column":31}},"13":{"start":{"line":40,"column":18},"end":{"line":40,"column":33}},"14":{"start":{"line":41,"column":24},"end":{"line":41,"column":72}},"15":{"start":{"line":42,"column":4},"end":{"line":42,"column":38}},"16":{"start":{"line":44,"column":4},"end":{"line":44,"column":67}},"17":{"start":{"line":75,"column":0},"end":{"line":83,"column":3}},"18":{"start":{"line":76,"column":2},"end":{"line":82,"column":3}},"19":{"start":{"line":77,"column":17},"end":{"line":77,"column":32}},"20":{"start":{"line":78,"column":24},"end":{"line":78,"column":58}},"21":{"start":{"line":79,"column":4},"end":{"line":79,"column":38}},"22":{"start":{"line":81,"column":4},"end":{"line":81,"column":67}},"23":{"start":{"line":86,"column":0},"end":{"line":100,"column":3}},"24":{"start":{"line":87,"column":15},"end":{"line":87,"column":36}},"25":{"start":{"line":88,"column":2},"end":{"line":93,"column":3}},"26":{"start":{"line":89,"column":4},"end":{"line":89,"column":22}},"27":{"start":{"line":90,"column":4},"end":{"line":90,"column":61}},"28":{"start":{"line":92,"column":4},"end":{"line":92,"column":63}},"29":{"start":{"line":102,"column":0},"end":{"line":114,"column":3}},"30":{"start":{"line":103,"column":2},"end":{"line":113,"column":3}},"31":{"start":{"line":104,"column":16},"end":{"line":104,"column":29}},"32":{"start":{"line":105,"column":27},"end":{"line":109,"column":5}},"33":{"start":{"line":110,"column":4},"end":{"line":110,"column":75}},"34":{"start":{"line":112,"column":4},"end":{"line":112,"column":71}},"35":{"start":{"line":116,"column":0},"end":{"line":126,"column":3}},"36":{"start":{"line":117,"column":2},"end":{"line":125,"column":3}},"37":{"start":{"line":118,"column":16},"end":{"line":118,"column":29}},"38":{"start":{"line":119,"column":27},"end":{"line":119,"column":72}},"39":{"start":{"line":120,"column":4},"end":{"line":122,"column":72}},"40":{"start":{"line":124,"column":4},"end":{"line":124,"column":71}},"41":{"start":{"line":128,"column":0},"end":{"line":145,"column":3}},"42":{"start":{"line":129,"column":2},"end":{"line":144,"column":3}},"43":{"start":{"line":131,"column":4},"end":{"line":140,"column":9}},"44":{"start":{"line":136,"column":8},"end":{"line":136,"column":29}},"45":{"start":{"line":139,"column":8},"end":{"line":139,"column":29}},"46":{"start":{"line":141,"column":4},"end":{"line":141,"column":31}},"47":{"start":{"line":143,"column":4},"end":{"line":143,"column":62}},"48":{"start":{"line":147,"column":0},"end":{"line":154,"column":3}},"49":{"start":{"line":148,"column":2},"end":{"line":153,"column":3}},"50":{"start":{"line":149,"column":26},"end":{"line":149,"column":72}},"51":{"start":{"line":150,"column":4},"end":{"line":150,"column":45}},"52":{"start":{"line":152,"column":4},"end":{"line":152,"column":66}},"53":{"start":{"line":155,"column":0},"end":{"line":155,"column":24}}},"fnMap":{"0":{"name":"(anonymous_0)","decl":{"start":{"line":28,"column":24},"end":{"line":28,"column":25}},"loc":{"start":{"line":28,"column":44},"end":{"line":35,"column":1}},"line":28},"1":{"name":"(anonymous_1)","decl":{"start":{"line":37,"column":23},"end":{"line":37,"column":24}},"loc":{"start":{"line":37,"column":43},"end":{"line":46,"column":1}},"line":37},"2":{"name":"(anonymous_2)","decl":{"start":{"line":75,"column":29},"end":{"line":75,"column":30}},"loc":{"start":{"line":75,"column":49},"end":{"line":83,"column":1}},"line":75},"3":{"name":"(anonymous_3)","decl":{"start":{"line":86,"column":25},"end":{"line":86,"column":26}},"loc":{"start":{"line":86,"column":45},"end":{"line":100,"column":1}},"line":86},"4":{"name":"(anonymous_4)","decl":{"start":{"line":102,"column":29},"end":{"line":102,"column":30}},"loc":{"start":{"line":102,"column":49},"end":{"line":114,"column":1}},"line":102},"5":{"name":"(anonymous_5)","decl":{"start":{"line":116,"column":30},"end":{"line":116,"column":31}},"loc":{"start":{"line":116,"column":50},"end":{"line":126,"column":1}},"line":116},"6":{"name":"(anonymous_6)","decl":{"start":{"line":128,"column":21},"end":{"line":128,"column":22}},"loc":{"start":{"line":128,"column":41},"end":{"line":145,"column":1}},"line":128},"7":{"name":"(anonymous_7)","decl":{"start":{"line":135,"column":12},"end":{"line":135,"column":13}},"loc":{"start":{"line":135,"column":26},"end":{"line":137,"column":7}},"line":135},"8":{"name":"(anonymous_8)","decl":{"start":{"line":138,"column":13},"end":{"line":138,"column":14}},"loc":{"start":{"line":138,"column":24},"end":{"line":140,"column":7}},"line":138},"9":{"name":"(anonymous_9)","decl":{"start":{"line":147,"column":19},"end":{"line":147,"column":20}},"loc":{"start":{"line":147,"column":39},"end":{"line":154,"column":1}},"line":147}},"branchMap":{},"s":{"0":1,"1":1,"2":1,"3":1,"4":1,"5":1,"6":1,"7":1,"8":0,"9":1,"10":1,"11":0,"12":0,"13":0,"14":0,"15":0,"16":0,"17":1,"18":0,"19":0,"20":0,"21":0,"22":0,"23":1,"24":1,"25":1,"26":1,"27":0,"28":1,"29":1,"30":0,"31":0,"32":0,"33":0,"34":0,"35":1,"36":0,"37":0,"38":0,"39":0,"40":0,"41":1,"42":0,"43":0,"44":0,"45":0,"46":0,"47":0,"48":1,"49":0,"50":0,"51":0,"52":0,"53":1},"f":{"0":1,"1":0,"2":0,"3":1,"4":0,"5":0,"6":0,"7":0,"8":0,"9":0},"b":{},"_coverageSchema":"1a1c01bbd47fc00a2c39e90264f33305004495a9","hash":"d39c3f077ee936f2b4679495c3656f7f5ab679f1"}
}
