TN:
SF:src/app.js
FN:13,(anonymous_0)
FNF:1
FNH:0
FNDA:0,(anonymous_0)
DA:1,0
DA:2,0
DA:3,0
DA:4,0
DA:5,0
DA:8,0
DA:9,0
DA:10,0
DA:11,0
DA:13,0
DA:14,0
LF:11
LH:0
BRF:0
BRH:0
end_of_record
TN:
SF:src/db/connection.js
FN:5,(anonymous_0)
FN:6,(anonymous_1)
FNF:2
FNH:0
FNDA:0,(anonymous_0)
FNDA:0,(anonymous_1)
DA:1,0
DA:4,0
DA:5,0
DA:6,0
LF:4
LH:0
BRF:0
BRH:0
end_of_record
TN:
SF:src/models/students.js
FN:13,(anonymous_0)
FNF:1
FNH:1
FNDA:1,(anonymous_0)
DA:1,1
DA:2,1
DA:4,1
DA:14,1
DA:15,0
DA:28,1
DA:30,1
LF:7
LH:6
BRDA:14,0,0,0
BRDA:14,0,1,1
BRF:2
BRH:1
end_of_record
TN:
SF:src/routes/routes.js
FN:28,(anonymous_0)
FN:37,(anonymous_1)
FN:75,(anonymous_2)
FN:86,(anonymous_3)
FN:102,(anonymous_4)
FN:116,(anonymous_5)
FN:128,(anonymous_6)
FN:135,(anonymous_7)
FN:138,(anonymous_8)
FN:147,(anonymous_9)
FNF:10
FNH:2
FNDA:1,(anonymous_0)
FNDA:0,(anonymous_1)
FNDA:0,(anonymous_2)
FNDA:1,(anonymous_3)
FNDA:0,(anonymous_4)
FNDA:0,(anonymous_5)
FNDA:0,(anonymous_6)
FNDA:0,(anonymous_7)
FNDA:0,(anonymous_8)
FNDA:0,(anonymous_9)
DA:1,1
DA:2,1
DA:3,1
DA:4,1
DA:5,1
DA:28,1
DA:29,1
DA:30,1
DA:31,0
DA:33,1
DA:37,1
DA:38,0
DA:39,0
DA:40,0
DA:41,0
DA:42,0
DA:44,0
DA:75,1
DA:76,0
DA:77,0
DA:78,0
DA:79,0
DA:81,0
DA:86,1
DA:87,1
DA:88,1
DA:89,1
DA:90,0
DA:92,1
DA:102,1
DA:103,0
DA:104,0
DA:105,0
DA:110,0
DA:112,0
DA:116,1
DA:117,0
DA:118,0
DA:119,0
DA:120,0
DA:124,0
DA:128,1
DA:129,0
DA:131,0
DA:136,0
DA:139,0
DA:141,0
DA:143,0
DA:147,1
DA:148,0
DA:149,0
DA:150,0
DA:152,0
DA:155,1
LF:54
LH:21
BRF:0
BRH:0
end_of_record
